0912001100	0913001100	0914001100	0915001100	0916001100	0917001100	0918001100	
0912002200	0913002200	0914002200	0915002200	0916002200	0917002200	0918002200	
0912003300	0913003300	0914003300	0915003300	0916003300	0917003300	0918003300	
0912004400	0913004400	0914004400	0915004400	0916004400	0917004400	0918004400	
0912006600	0913006600	0914006600	0915006600	0916006600	0917006600	0918006600	
0912007700	0913007700	0914007700	0915007700	0916007700	0917007700	0918007700	
0912008800	0913008800	0914008800	0915008800	0916008800	0917008800	0918008800	
0912009900	0913009900	0914009900	0915009900	0916009900	0917009900	0918009900	
0912010010	0913010010	0914010010	0915010010	0916010010	0917010010	0918010010	
0912011110	0913011110	0914011110	0915011110	0916011110	0917011110	0918011110	
0912012210	0913012210	0914012210	0915012210	0916012210	0917012210	0918012210	
0912013310	0913013310	0914013310	0915013310	0916013310	0917013310	0918013310	
0912015510	0913015510	0914015510	0915015510	0916015510	0917015510	0918015510	
0912016610	0913016610	0914016610	0915016610	0916016610	0917016610	0918016610	
0912017710	0913017710	0914017710	0915017710	0916017710	0917017710	0918017710	
0912018810	0913018810	0914018810	0915018810	0916018810	0917018810	0918018810	
0912020020	0913020020	0914020020	0915020020	0916020020	0917020020	0918020020	
0912021120	0913021120	0914021120	0915021120	0916021120	0917021120	0918021120	
0912022220	0913022220	0914022220	0915022220	0916022220	0917022220	0918022220	
0912024420	0913024420	0914024420	0915024420	0916024420	0917024420	0918024420	
0912025520	0913025520	0914025520	0915025520	0916025520	0917025520	0918025520	
0912026620	0913026620	0914026620	0915026620	0916026620	0917026620	0918026620	
0912027720	0913027720	0914027720	0915027720	0916027720	0917027720	0918027720	
0912029920	0913029920	0914029920	0915029920	0916029920	0917029920	0918029920	
0912030030	0913030030	0914030030	0915030030	0916030030	0917030030	0918030030	
0912031130	0913031130	0914031130	0915031130	0916031130	0917031130	0918031130	
0912033330	0913033330	0914033330	0915033330	0916033330	0917033330	0918033330	
0912034430	0913034430	0914034430	0915034430	0916034430	0917034430	0918034430	
0912035530	0913035530	0914035530	0915035530	0916035530	0917035530	0918035530	
0912036630	0913036630	0914036630	0915036630	0916036630	0917036630	0918036630	
0912038830	0913038830	0914038830	0915038830	0916038830	0917038830	0918038830	
0912039930	0913039930	0914039930	0915039930	0916039930	0917039930	0918039930	
0912040040	0913040040	0914040040	0915040040	0916040040	0917040040	0918040040	
0912042240	0913042240	0914042240	0915042240	0916042240	0917042240	0918042240	
0912043340	0913043340	0914043340	0915043340	0916043340	0917043340	0918043340	
0912044440	0913044440	0914044440	0915044440	0916044440	0917044440	0918044440	
0912045540	0913045540	0914045540	0915045540	0916045540	0917045540	0918045540	
0912047740	0913047740	0914047740	0915047740	0916047740	0917047740	0918047740	
0912048840	0913048840	0914048840	0915048840	0916048840	0917048840	0918048840	
0912049940	0913049940	0914049940	0915049940	0916049940	0917049940	0918049940	
0912051150	0913051150	0914051150	0915051150	0916051150	0917051150	0918051150	
0912052250	0913052250	0914052250	0915052250	0916052250	0917052250	0918052250	
0912053350	0913053350	0914053350	0915053350	0916053350	0917053350	0918053350	
0912054450	0913054450	0914054450	0915054450	0916054450	0917054450	0918054450	
0912056650	0913056650	0914056650	0915056650	0916056650	0917056650	0918056650	
0912057750	0913057750	0914057750	0915057750	0916057750	0917057750	0918057750	
0912058850	0913058850	0914058850	0915058850	0916058850	0917058850	0918058850	
0912059950	0913059950	0914059950	0915059950	0916059950	0917059950	0918059950	
0912060060	0913060060	0914060060	0915060060	0916060060	0917060060	0918060060	
0912061160	0913061160	0914061160	0915061160	0916061160	0917061160	0918061160	
0912062260	0913062260	0914062260	0915062260	0916062260	0917062260	0918062260	
0912063360	0913063360	0914063360	0915063360	0916063360	0917063360	0918063360	
0912065560	0913065560	0914065560	0915065560	0916065560	0917065560	0918065560	
0912066660	0913066660	0914066660	0915066660	0916066660	0917066660	0918066660	
0912067760	0913067760	0914067760	0915067760	0916067760	0917067760	0918067760	
0912068860	0913068860	0914068860	0915068860	0916068860	0917068860	0918068860	
0912070070	0913070070	0914070070	0915070070	0916070070	0917070070	0918070070	
0912071170	0913071170	0914071170	0915071170	0916071170	0917071170	0918071170	
0912072270	0913072270	0914072270	0915072270	0916072270	0917072270	0918072270	
0912074470	0913074470	0914074470	0915074470	0916074470	0917074470	0918074470	
0912075570	0913075570	0914075570	0915075570	0916075570	0917075570	0918075570	
0912076670	0913076670	0914076670	0915076670	0916076670	0917076670	0918076670	
0912077770	0913077770	0914077770	0915077770	0916077770	0917077770	0918077770	
0912079970	0913079970	0914079970	0915079970	0916079970	0917079970	0918079970	
0912080080	0913080080	0914080080	0915080080	0916080080	0917080080	0918080080	
0912081180	0913081180	0914081180	0915081180	0916081180	0917081180	0918081180	
0912083380	0913083380	0914083380	0915083380	0916083380	0917083380	0918083380	
0912084480	0913084480	0914084480	0915084480	0916084480	0917084480	0918084480	
0912085580	0913085580	0914085580	0915085580	0916085580	0917085580	0918085580	
0912086680	0913086680	0914086680	0915086680	0916086680	0917086680	0918086680	
0912088880	0913088880	0914088880	0915088880	0916088880	0917088880	0918088880	
0912089980	0913089980	0914089980	0915089980	0916089980	0917089980	0918089980	
0912090090	0913090090	0914090090	0915090090	0916090090	0917090090	0918090090	
0912092290	0913092290	0914092290	0915092290	0916092290	0917092290	0918092290	
0912093390	0913093390	0914093390	0915093390	0916093390	0917093390	0918093390	
0912094490	0913094490	0914094490	0915094490	0916094490	0917094490	0918094490	
0912095590	0913095590	0914095590	0915095590	0916095590	0917095590	0918095590	
0912097790	0913097790	0914097790	0915097790	0916097790	0917097790	0918097790	
0912098890	0913098890	0914098890	0915098890	0916098890	0917098890	0918098890	
0912099990	0913099990	0914099990	0915099990	0916099990	0917099990	0918099990	
0912100001	0913100001	0914100001	0915100001	0916100001	0917100001	0918100001	
0912101101	0913101101	0914101101	0915101101	0916101101	0917101101	0918101101	
0912102201	0913102201	0914102201	0915102201	0916102201	0917102201	0918102201	
0912103301	0913103301	0914103301	0915103301	0916103301	0917103301	0918103301	
0912105501	0913105501	0914105501	0915105501	0916105501	0917105501	0918105501	
0912106601	0913106601	0914106601	0915106601	0916106601	0917106601	0918106601	
0912107701	0913107701	0914107701	0915107701	0916107701	0917107701	0918107701	
0912108801	0913108801	0914108801	0915108801	0916108801	0917108801	0918108801	
0912110011	0913110011	0914110011	0915110011	0916110011	0917110011	0918110011	
0912111111	0913111111	0914111111	0915111111	0916111111	0917111111	0918111111	
0912112211	0913112211	0914112211	0915112211	0916112211	0917112211	0918112211	
0912114411	0913114411	0914114411	0915114411	0916114411	0917114411	0918114411	
0912115511	0913115511	0914115511	0915115511	0916115511	0917115511	0918115511	
0912116611	0913116611	0914116611	0915116611	0916116611	0917116611	0918116611	
0912117711	0913117711	0914117711	0915117711	0916117711	0917117711	0918117711	
0912119911	0913119911	0914119911	0915119911	0916119911	0917119911	0918119911	
0912120021	0913120021	0914120021	0915120021	0916120021	0917120021	0918120021	
0912121121	0913121121	0914121121	0915121121	0916121121	0917121121	0918121121	
0912123321	0913123321	0914123321	0915123321	0916123321	0917123321	0918123321	
0912124421	0913124421	0914124421	0915124421	0916124421	0917124421	0918124421	
0912125521	0913125521	0914125521	0915125521	0916125521	0917125521	0918125521	
0912126621	0913126621	0914126621	0915126621	0916126621	0917126621	0918126621	
0912128821	0913128821	0914128821	0915128821	0916128821	0917128821	0918128821	
0912129921	0913129921	0914129921	0915129921	0916129921	0917129921	0918129921	
0912130031	0913130031	0914130031	0915130031	0916130031	0917130031	0918130031	
0912132231	0913132231	0914132231	0915132231	0916132231	0917132231	0918132231	
0912133331	0913133331	0914133331	0915133331	0916133331	0917133331	0918133331	
0912134431	0913134431	0914134431	0915134431	0916134431	0917134431	0918134431	
0912135531	0913135531	0914135531	0915135531	0916135531	0917135531	0918135531	
0912137731	0913137731	0914137731	0915137731	0916137731	0917137731	0918137731	
0912138831	0913138831	0914138831	0915138831	0916138831	0917138831	0918138831	
0912139931	0913139931	0914139931	0915139931	0916139931	0917139931	0918139931	
0912141141	0913141141	0914141141	0915141141	0916141141	0917141141	0918141141	
0912142241	0913142241	0914142241	0915142241	0916142241	0917142241	0918142241	
0912143341	0913143341	0914143341	0915143341	0916143341	0917143341	0918143341	
0912144441	0913144441	0914144441	0915144441	0916144441	0917144441	0918144441	
0912146641	0913146641	0914146641	0915146641	0916146641	0917146641	0918146641	
0912147741	0913147741	0914147741	0915147741	0916147741	0917147741	0918147741	
0912148841	0913148841	0914148841	0915148841	0916148841	0917148841	0918148841	
0912149941	0913149941	0914149941	0915149941	0916149941	0917149941	0918149941	
0912150051	0913150051	0914150051	0915150051	0916150051	0917150051	0918150051	
0912151151	0913151151	0914151151	0915151151	0916151151	0917151151	0918151151	
0912152251	0913152251	0914152251	0915152251	0916152251	0917152251	0918152251	
0912153351	0913153351	0914153351	0915153351	0916153351	0917153351	0918153351	
0912155551	0913155551	0914155551	0915155551	0916155551	0917155551	0918155551	
0912156651	0913156651	0914156651	0915156651	0916156651	0917156651	0918156651	
0912157751	0913157751	0914157751	0915157751	0916157751	0917157751	0918157751	
0912158851	0913158851	0914158851	0915158851	0916158851	0917158851	0918158851	
0912160061	0913160061	0914160061	0915160061	0916160061	0917160061	0918160061	
0912161161	0913161161	0914161161	0915161161	0916161161	0917161161	0918161161	
0912162261	0913162261	0914162261	0915162261	0916162261	0917162261	0918162261	
0912164461	0913164461	0914164461	0915164461	0916164461	0917164461	0918164461	
0912165561	0913165561	0914165561	0915165561	0916165561	0917165561	0918165561	
0912166661	0913166661	0914166661	0915166661	0916166661	0917166661	0918166661	
0912167761	0913167761	0914167761	0915167761	0916167761	0917167761	0918167761	
0912169961	0913169961	0914169961	0915169961	0916169961	0917169961	0918169961	
0912170071	0913170071	0914170071	0915170071	0916170071	0917170071	0918170071	
0912171171	0913171171	0914171171	0915171171	0916171171	0917171171	0918171171	
0912173371	0913173371	0914173371	0915173371	0916173371	0917173371	0918173371	
0912174471	0913174471	0914174471	0915174471	0916174471	0917174471	0918174471	
0912175571	0913175571	0914175571	0915175571	0916175571	0917175571	0918175571	
0912176671	0913176671	0914176671	0915176671	0916176671	0917176671	0918176671	
0912178871	0913178871	0914178871	0915178871	0916178871	0917178871	0918178871	
0912179971	0913179971	0914179971	0915179971	0916179971	0917179971	0918179971	
0912180081	0913180081	0914180081	0915180081	0916180081	0917180081	0918180081	
0912182281	0913182281	0914182281	0915182281	0916182281	0917182281	0918182281	
0912183381	0913183381	0914183381	0915183381	0916183381	0917183381	0918183381	
0912184481	0913184481	0914184481	0915184481	0916184481	0917184481	0918184481	
0912185581	0913185581	0914185581	0915185581	0916185581	0917185581	0918185581	
0912187781	0913187781	0914187781	0915187781	0916187781	0917187781	0918187781	
0912188881	0913188881	0914188881	0915188881	0916188881	0917188881	0918188881	
0912189981	0913189981	0914189981	0915189981	0916189981	0917189981	0918189981	
0912191191	0913191191	0914191191	0915191191	0916191191	0917191191	0918191191	
0912192291	0913192291	0914192291	0915192291	0916192291	0917192291	0918192291	
0912193391	0913193391	0914193391	0915193391	0916193391	0917193391	0918193391	
0912194491	0913194491	0914194491	0915194491	0916194491	0917194491	0918194491	
0912196691	0913196691	0914196691	0915196691	0916196691	0917196691	0918196691	
0912197791	0913197791	0914197791	0915197791	0916197791	0917197791	0918197791	
0912198891	0913198891	0914198891	0915198891	0916198891	0917198891	0918198891	
0912199991	0913199991	0914199991	0915199991	0916199991	0917199991	0918199991	
0912200002	0913200002	0914200002	0915200002	0916200002	0917200002	0918200002	
0912201102	0913201102	0914201102	0915201102	0916201102	0917201102	0918201102	
0912202202	0913202202	0914202202	0915202202	0916202202	0917202202	0918202202	
0912204402	0913204402	0914204402	0915204402	0916204402	0917204402	0918204402	
0912205502	0913205502	0914205502	0915205502	0916205502	0917205502	0918205502	
0912206602	0913206602	0914206602	0915206602	0916206602	0917206602	0918206602	
0912207702	0913207702	0914207702	0915207702	0916207702	0917207702	0918207702	
0912209902	0913209902	0914209902	0915209902	0916209902	0917209902	0918209902	
0912210012	0913210012	0914210012	0915210012	0916210012	0917210012	0918210012	
0912211112	0913211112	0914211112	0915211112	0916211112	0917211112	0918211112	
0912213312	0913213312	0914213312	0915213312	0916213312	0917213312	0918213312	
0912214412	0913214412	0914214412	0915214412	0916214412	0917214412	0918214412	
0912215512	0913215512	0914215512	0915215512	0916215512	0917215512	0918215512	
0912216612	0913216612	0914216612	0915216612	0916216612	0917216612	0918216612	
0912218812	0913218812	0914218812	0915218812	0916218812	0917218812	0918218812	
0912219912	0913219912	0914219912	0915219912	0916219912	0917219912	0918219912	
0912220022	0913220022	0914220022	0915220022	0916220022	0917220022	0918220022	
0912222222	0913222222	0914222222	0915222222	0916222222	0917222222	0918222222	
0912223322	0913223322	0914223322	0915223322	0916223322	0917223322	0918223322	
0912224422	0913224422	0914224422	0915224422	0916224422	0917224422	0918224422	
0912225522	0913225522	0914225522	0915225522	0916225522	0917225522	0918225522	
0912227722	0913227722	0914227722	0915227722	0916227722	0917227722	0918227722	
0912228822	0913228822	0914228822	0915228822	0916228822	0917228822	0918228822	
0912229922	0913229922	0914229922	0915229922	0916229922	0917229922	0918229922	
0912231132	0913231132	0914231132	0915231132	0916231132	0917231132	0918231132	
0912232232	0913232232	0914232232	0915232232	0916232232	0917232232	0918232232	
0912233332	0913233332	0914233332	0915233332	0916233332	0917233332	0918233332	
0912234432	0913234432	0914234432	0915234432	0916234432	0917234432	0918234432	
0912236632	0913236632	0914236632	0915236632	0916236632	0917236632	0918236632	
0912237732	0913237732	0914237732	0915237732	0916237732	0917237732	0918237732	
0912238832	0913238832	0914238832	0915238832	0916238832	0917238832	0918238832	
0912239932	0913239932	0914239932	0915239932	0916239932	0917239932	0918239932	
0912240042	0913240042	0914240042	0915240042	0916240042	0917240042	0918240042	
0912241142	0913241142	0914241142	0915241142	0916241142	0917241142	0918241142	
0912242242	0913242242	0914242242	0915242242	0916242242	0917242242	0918242242	
0912243342	0913243342	0914243342	0915243342	0916243342	0917243342	0918243342	
0912245542	0913245542	0914245542	0915245542	0916245542	0917245542	0918245542	
0912246642	0913246642	0914246642	0915246642	0916246642	0917246642	0918246642	
0912247742	0913247742	0914247742	0915247742	0916247742	0917247742	0918247742	
0912248842	0913248842	0914248842	0915248842	0916248842	0917248842	0918248842	
0912250052	0913250052	0914250052	0915250052	0916250052	0917250052	0918250052	
0912251152	0913251152	0914251152	0915251152	0916251152	0917251152	0918251152	
0912252252	0913252252	0914252252	0915252252	0916252252	0917252252	0918252252	
0912254452	0913254452	0914254452	0915254452	0916254452	0917254452	0918254452	
0912255552	0913255552	0914255552	0915255552	0916255552	0917255552	0918255552	
0912256652	0913256652	0914256652	0915256652	0916256652	0917256652	0918256652	
0912257752	0913257752	0914257752	0915257752	0916257752	0917257752	0918257752	
0912259952	0913259952	0914259952	0915259952	0916259952	0917259952	0918259952	
0912260062	0913260062	0914260062	0915260062	0916260062	0917260062	0918260062	
0912261162	0913261162	0914261162	0915261162	0916261162	0917261162	0918261162	
0912263362	0913263362	0914263362	0915263362	0916263362	0917263362	0918263362	
0912264462	0913264462	0914264462	0915264462	0916264462	0917264462	0918264462	
0912265562	0913265562	0914265562	0915265562	0916265562	0917265562	0918265562	
0912266662	0913266662	0914266662	0915266662	0916266662	0917266662	0918266662	
0912268862	0913268862	0914268862	0915268862	0916268862	0917268862	0918268862	
0912269962	0913269962	0914269962	0915269962	0916269962	0917269962	0918269962	
0912270072	0913270072	0914270072	0915270072	0916270072	0917270072	0918270072	
0912272272	0913272272	0914272272	0915272272	0916272272	0917272272	0918272272	
0912273372	0913273372	0914273372	0915273372	0916273372	0917273372	0918273372	
0912274472	0913274472	0914274472	0915274472	0916274472	0917274472	0918274472	
0912275572	0913275572	0914275572	0915275572	0916275572	0917275572	0918275572	
0912277772	0913277772	0914277772	0915277772	0916277772	0917277772	0918277772	
0912278872	0913278872	0914278872	0915278872	0916278872	0917278872	0918278872	
0912279972	0913279972	0914279972	0915279972	0916279972	0917279972	0918279972	
0912281182	0913281182	0914281182	0915281182	0916281182	0917281182	0918281182	
0912282282	0913282282	0914282282	0915282282	0916282282	0917282282	0918282282	
0912283382	0913283382	0914283382	0915283382	0916283382	0917283382	0918283382	
0912284482	0913284482	0914284482	0915284482	0916284482	0917284482	0918284482	
0912286682	0913286682	0914286682	0915286682	0916286682	0917286682	0918286682	
0912287782	0913287782	0914287782	0915287782	0916287782	0917287782	0918287782	
0912288882	0913288882	0914288882	0915288882	0916288882	0917288882	0918288882	
0912289982	0913289982	0914289982	0915289982	0916289982	0917289982	0918289982	
0912290092	0913290092	0914290092	0915290092	0916290092	0917290092	0918290092	
0912291192	0913291192	0914291192	0915291192	0916291192	0917291192	0918291192	
0912292292	0913292292	0914292292	0915292292	0916292292	0917292292	0918292292	
0912293392	0913293392	0914293392	0915293392	0916293392	0917293392	0918293392	
0912295592	0913295592	0914295592	0915295592	0916295592	0917295592	0918295592	
0912296692	0913296692	0914296692	0915296692	0916296692	0917296692	0918296692	
0912297792	0913297792	0914297792	0915297792	0916297792	0917297792	0918297792	
0912298892	0913298892	0914298892	0915298892	0916298892	0917298892	0918298892	
0912300003	0913300003	0914300003	0915300003	0916300003	0917300003	0918300003	
0912301103	0913301103	0914301103	0915301103	0916301103	0917301103	0918301103	
0912303303	0913303303	0914303303	0915303303	0916303303	0917303303	0918303303	
0912304403	0913304403	0914304403	0915304403	0916304403	0917304403	0918304403	
0912305503	0913305503	0914305503	0915305503	0916305503	0917305503	0918305503	
0912306603	0913306603	0914306603	0915306603	0916306603	0917306603	0918306603	
0912308803	0913308803	0914308803	0915308803	0916308803	0917308803	0918308803	
0912309903	0913309903	0914309903	0915309903	0916309903	0917309903	0918309903	
0912310013	0913310013	0914310013	0915310013	0916310013	0917310013	0918310013	
0912312213	0913312213	0914312213	0915312213	0916312213	0917312213	0918312213	
0912313313	0913313313	0914313313	0915313313	0916313313	0917313313	0918313313	
0912314413	0913314413	0914314413	0915314413	0916314413	0917314413	0918314413	
0912315513	0913315513	0914315513	0915315513	0916315513	0917315513	0918315513	
0912317713	0913317713	0914317713	0915317713	0916317713	0917317713	0918317713	
0912318813	0913318813	0914318813	0915318813	0916318813	0917318813	0918318813	
0912319913	0913319913	0914319913	0915319913	0916319913	0917319913	0918319913	
0912321123	0913321123	0914321123	0915321123	0916321123	0917321123	0918321123	
0912322223	0913322223	0914322223	0915322223	0916322223	0917322223	0918322223	
0912323323	0913323323	0914323323	0915323323	0916323323	0917323323	0918323323	
0912324423	0913324423	0914324423	0915324423	0916324423	0917324423	0918324423	
0912326623	0913326623	0914326623	0915326623	0916326623	0917326623	0918326623	
0912327723	0913327723	0914327723	0915327723	0916327723	0917327723	0918327723	
0912328823	0913328823	0914328823	0915328823	0916328823	0917328823	0918328823	
0912329923	0913329923	0914329923	0915329923	0916329923	0917329923	0918329923	
0912330033	0913330033	0914330033	0915330033	0916330033	0917330033	0918330033	
0912331133	0913331133	0914331133	0915331133	0916331133	0917331133	0918331133	
0912332233	0913332233	0914332233	0915332233	0916332233	0917332233	0918332233	
0912333333	0913333333	0914333333	0915333333	0916333333	0917333333	0918333333	
0912335533	0913335533	0914335533	0915335533	0916335533	0917335533	0918335533	
0912336633	0913336633	0914336633	0915336633	0916336633	0917336633	0918336633	
0912337733	0913337733	0914337733	0915337733	0916337733	0917337733	0918337733	
0912338833	0913338833	0914338833	0915338833	0916338833	0917338833	0918338833	
0912340043	0913340043	0914340043	0915340043	0916340043	0917340043	0918340043	
0912341143	0913341143	0914341143	0915341143	0916341143	0917341143	0918341143	
0912342243	0913342243	0914342243	0915342243	0916342243	0917342243	0918342243	
0912344443	0913344443	0914344443	0915344443	0916344443	0917344443	0918344443	
0912345543	0913345543	0914345543	0915345543	0916345543	0917345543	0918345543	
0912346643	0913346643	0914346643	0915346643	0916346643	0917346643	0918346643	
0912347743	0913347743	0914347743	0915347743	0916347743	0917347743	0918347743	
0912349943	0913349943	0914349943	0915349943	0916349943	0917349943	0918349943	
0912350053	0913350053	0914350053	0915350053	0916350053	0917350053	0918350053	
0912351153	0913351153	0914351153	0915351153	0916351153	0917351153	0918351153	
0912353353	0913353353	0914353353	0915353353	0916353353	0917353353	0918353353	
0912354453	0913354453	0914354453	0915354453	0916354453	0917354453	0918354453	
0912355553	0913355553	0914355553	0915355553	0916355553	0917355553	0918355553	
0912356653	0913356653	0914356653	0915356653	0916356653	0917356653	0918356653	
0912358853	0913358853	0914358853	0915358853	0916358853	0917358853	0918358853	
0912359953	0913359953	0914359953	0915359953	0916359953	0917359953	0918359953	
0912360063	0913360063	0914360063	0915360063	0916360063	0917360063	0918360063	
0912362263	0913362263	0914362263	0915362263	0916362263	0917362263	0918362263	
0912363363	0913363363	0914363363	0915363363	0916363363	0917363363	0918363363	
0912364463	0913364463	0914364463	0915364463	0916364463	0917364463	0918364463	
0912365563	0913365563	0914365563	0915365563	0916365563	0917365563	0918365563	
0912367763	0913367763	0914367763	0915367763	0916367763	0917367763	0918367763	
0912368863	0913368863	0914368863	0915368863	0916368863	0917368863	0918368863	
0912369963	0913369963	0914369963	0915369963	0916369963	0917369963	0918369963	
0912371173	0913371173	0914371173	0915371173	0916371173	0917371173	0918371173	
0912372273	0913372273	0914372273	0915372273	0916372273	0917372273	0918372273	
0912373373	0913373373	0914373373	0915373373	0916373373	0917373373	0918373373	
0912374473	0913374473	0914374473	0915374473	0916374473	0917374473	0918374473	
0912376673	0913376673	0914376673	0915376673	0916376673	0917376673	0918376673	
0912377773	0913377773	0914377773	0915377773	0916377773	0917377773	0918377773	
0912378873	0913378873	0914378873	0915378873	0916378873	0917378873	0918378873	
0912379973	0913379973	0914379973	0915379973	0916379973	0917379973	0918379973	
0912380083	0913380083	0914380083	0915380083	0916380083	0917380083	0918380083	
0912381183	0913381183	0914381183	0915381183	0916381183	0917381183	0918381183	
0912382283	0913382283	0914382283	0915382283	0916382283	0917382283	0918382283	
0912383383	0913383383	0914383383	0915383383	0916383383	0917383383	0918383383	
0912385583	0913385583	0914385583	0915385583	0916385583	0917385583	0918385583	
0912386683	0913386683	0914386683	0915386683	0916386683	0917386683	0918386683	
0912387783	0913387783	0914387783	0915387783	0916387783	0917387783	0918387783	
0912388883	0913388883	0914388883	0915388883	0916388883	0917388883	0918388883	
0912390093	0913390093	0914390093	0915390093	0916390093	0917390093	0918390093	
0912391193	0913391193	0914391193	0915391193	0916391193	0917391193	0918391193	
0912392293	0913392293	0914392293	0915392293	0916392293	0917392293	0918392293	
0912394493	0913394493	0914394493	0915394493	0916394493	0917394493	0918394493	
0912395593	0913395593	0914395593	0915395593	0916395593	0917395593	0918395593	
0912396693	0913396693	0914396693	0915396693	0916396693	0917396693	0918396693	
0912397793	0913397793	0914397793	0915397793	0916397793	0917397793	0918397793	
0912399993	0913399993	0914399993	0915399993	0916399993	0917399993	0918399993	
0912400004	0913400004	0914400004	0915400004	0916400004	0917400004	0918400004	
0912402204	0913402204	0914402204	0915402204	0916402204	0917402204	0918402204	
0912403304	0913403304	0914403304	0915403304	0916403304	0917403304	0918403304	
0912404404	0913404404	0914404404	0915404404	0916404404	0917404404	0918404404	
0912405504	0913405504	0914405504	0915405504	0916405504	0917405504	0918405504	
0912407704	0913407704	0914407704	0915407704	0916407704	0917407704	0918407704	
0912408804	0913408804	0914408804	0915408804	0916408804	0917408804	0918408804	
0912409904	0913409904	0914409904	0915409904	0916409904	0917409904	0918409904	
0912411114	0913411114	0914411114	0915411114	0916411114	0917411114	0918411114	
0912412214	0913412214	0914412214	0915412214	0916412214	0917412214	0918412214	
0912413314	0913413314	0914413314	0915413314	0916413314	0917413314	0918413314	
0912414414	0913414414	0914414414	0915414414	0916414414	0917414414	0918414414	
0912416614	0913416614	0914416614	0915416614	0916416614	0917416614	0918416614	
0912417714	0913417714	0914417714	0915417714	0916417714	0917417714	0918417714	
0912418814	0913418814	0914418814	0915418814	0916418814	0917418814	0918418814	
0912419914	0913419914	0914419914	0915419914	0916419914	0917419914	0918419914	
0912420024	0913420024	0914420024	0915420024	0916420024	0917420024	0918420024	
0912421124	0913421124	0914421124	0915421124	0916421124	0917421124	0918421124	
0912422224	0913422224	0914422224	0915422224	0916422224	0917422224	0918422224	
0912423324	0913423324	0914423324	0915423324	0916423324	0917423324	0918423324	
0912425524	0913425524	0914425524	0915425524	0916425524	0917425524	0918425524	
0912426624	0913426624	0914426624	0915426624	0916426624	0917426624	0918426624	
0912427724	0913427724	0914427724	0915427724	0916427724	0917427724	0918427724	
0912428824	0913428824	0914428824	0915428824	0916428824	0917428824	0918428824	
0912430034	0913430034	0914430034	0915430034	0916430034	0917430034	0918430034	
0912431134	0913431134	0914431134	0915431134	0916431134	0917431134	0918431134	
0912432234	0913432234	0914432234	0915432234	0916432234	0917432234	0918432234	
0912434434	0913434434	0914434434	0915434434	0916434434	0917434434	0918434434	
0912435534	0913435534	0914435534	0915435534	0916435534	0917435534	0918435534	
0912436634	0913436634	0914436634	0915436634	0916436634	0917436634	0918436634	
0912437734	0913437734	0914437734	0915437734	0916437734	0917437734	0918437734	
0912439934	0913439934	0914439934	0915439934	0916439934	0917439934	0918439934	
0912440044	0913440044	0914440044	0915440044	0916440044	0917440044	0918440044	
0912441144	0913441144	0914441144	0915441144	0916441144	0917441144	0918441144	
0912443344	0913443344	0914443344	0915443344	0916443344	0917443344	0918443344	
0912444444	0913444444	0914444444	0915444444	0916444444	0917444444	0918444444	
0912445544	0913445544	0914445544	0915445544	0916445544	0917445544	0918445544	
0912446644	0913446644	0914446644	0915446644	0916446644	0917446644	0918446644	
0912448844	0913448844	0914448844	0915448844	0916448844	0917448844	0918448844	
0912449944	0913449944	0914449944	0915449944	0916449944	0917449944	0918449944	
0912450054	0913450054	0914450054	0915450054	0916450054	0917450054	0918450054	
0912452254	0913452254	0914452254	0915452254	0916452254	0917452254	0918452254	
0912453354	0913453354	0914453354	0915453354	0916453354	0917453354	0918453354	
0912454454	0913454454	0914454454	0915454454	0916454454	0917454454	0918454454	
0912455554	0913455554	0914455554	0915455554	0916455554	0917455554	0918455554	
0912457754	0913457754	0914457754	0915457754	0916457754	0917457754	0918457754	
0912458854	0913458854	0914458854	0915458854	0916458854	0917458854	0918458854	
0912459954	0913459954	0914459954	0915459954	0916459954	0917459954	0918459954	
0912461164	0913461164	0914461164	0915461164	0916461164	0917461164	0918461164	
0912462264	0913462264	0914462264	0915462264	0916462264	0917462264	0918462264	
0912463364	0913463364	0914463364	0915463364	0916463364	0917463364	0918463364	
0912464464	0913464464	0914464464	0915464464	0916464464	0917464464	0918464464	
0912466664	0913466664	0914466664	0915466664	0916466664	0917466664	0918466664	
0912467764	0913467764	0914467764	0915467764	0916467764	0917467764	0918467764	
0912468864	0913468864	0914468864	0915468864	0916468864	0917468864	0918468864	
0912469964	0913469964	0914469964	0915469964	0916469964	0917469964	0918469964	
0912470074	0913470074	0914470074	0915470074	0916470074	0917470074	0918470074	
0912471174	0913471174	0914471174	0915471174	0916471174	0917471174	0918471174	
0912472274	0913472274	0914472274	0915472274	0916472274	0917472274	0918472274	
0912473374	0913473374	0914473374	0915473374	0916473374	0917473374	0918473374	
0912475574	0913475574	0914475574	0915475574	0916475574	0917475574	0918475574	
0912476674	0913476674	0914476674	0915476674	0916476674	0917476674	0918476674	
0912477774	0913477774	0914477774	0915477774	0916477774	0917477774	0918477774	
0912478874	0913478874	0914478874	0915478874	0916478874	0917478874	0918478874	
0912480084	0913480084	0914480084	0915480084	0916480084	0917480084	0918480084	
0912481184	0913481184	0914481184	0915481184	0916481184	0917481184	0918481184	
0912482284	0913482284	0914482284	0915482284	0916482284	0917482284	0918482284	
0912484484	0913484484	0914484484	0915484484	0916484484	0917484484	0918484484	
0912485584	0913485584	0914485584	0915485584	0916485584	0917485584	0918485584	
0912486684	0913486684	0914486684	0915486684	0916486684	0917486684	0918486684	
0912487784	0913487784	0914487784	0915487784	0916487784	0917487784	0918487784	
0912489984	0913489984	0914489984	0915489984	0916489984	0917489984	0918489984	
0912490094	0913490094	0914490094	0915490094	0916490094	0917490094	0918490094	
0912491194	0913491194	0914491194	0915491194	0916491194	0917491194	0918491194	
0912493394	0913493394	0914493394	0915493394	0916493394	0917493394	0918493394	
0912494494	0913494494	0914494494	0915494494	0916494494	0917494494	0918494494	
0912495594	0913495594	0914495594	0915495594	0916495594	0917495594	0918495594	
0912496694	0913496694	0914496694	0915496694	0916496694	0917496694	0918496694	
0912498894	0913498894	0914498894	0915498894	0916498894	0917498894	0918498894	
0912499994	0913499994	0914499994	0915499994	0916499994	0917499994	0918499994	
0912501105	0913501105	0914501105	0915501105	0916501105	0917501105	0918501105	
0912502205	0913502205	0914502205	0915502205	0916502205	0917502205	0918502205	
0912503305	0913503305	0914503305	0915503305	0916503305	0917503305	0918503305	
0912504405	0913504405	0914504405	0915504405	0916504405	0917504405	0918504405	
0912506605	0913506605	0914506605	0915506605	0916506605	0917506605	0918506605	
0912507705	0913507705	0914507705	0915507705	0916507705	0917507705	0918507705	
0912508805	0913508805	0914508805	0915508805	0916508805	0917508805	0918508805	
0912509905	0913509905	0914509905	0915509905	0916509905	0917509905	0918509905	
0912510015	0913510015	0914510015	0915510015	0916510015	0917510015	0918510015	
0912511115	0913511115	0914511115	0915511115	0916511115	0917511115	0918511115	
0912512215	0913512215	0914512215	0915512215	0916512215	0917512215	0918512215	
0912513315	0913513315	0914513315	0915513315	0916513315	0917513315	0918513315	
0912515515	0913515515	0914515515	0915515515	0916515515	0917515515	0918515515	
0912516615	0913516615	0914516615	0915516615	0916516615	0917516615	0918516615	
0912517715	0913517715	0914517715	0915517715	0916517715	0917517715	0918517715	
0912518815	0913518815	0914518815	0915518815	0916518815	0917518815	0918518815	
0912520025	0913520025	0914520025	0915520025	0916520025	0917520025	0918520025	
0912521125	0913521125	0914521125	0915521125	0916521125	0917521125	0918521125	
0912522225	0913522225	0914522225	0915522225	0916522225	0917522225	0918522225	
0912524425	0913524425	0914524425	0915524425	0916524425	0917524425	0918524425	
0912525525	0913525525	0914525525	0915525525	0916525525	0917525525	0918525525	
0912526625	0913526625	0914526625	0915526625	0916526625	0917526625	0918526625	
0912527725	0913527725	0914527725	0915527725	0916527725	0917527725	0918527725	
0912529925	0913529925	0914529925	0915529925	0916529925	0917529925	0918529925	
0912530035	0913530035	0914530035	0915530035	0916530035	0917530035	0918530035	
0912531135	0913531135	0914531135	0915531135	0916531135	0917531135	0918531135	
0912533335	0913533335	0914533335	0915533335	0916533335	0917533335	0918533335	
0912534435	0913534435	0914534435	0915534435	0916534435	0917534435	0918534435	
0912535535	0913535535	0914535535	0915535535	0916535535	0917535535	0918535535	
0912536635	0913536635	0914536635	0915536635	0916536635	0917536635	0918536635	
0912538835	0913538835	0914538835	0915538835	0916538835	0917538835	0918538835	
0912539935	0913539935	0914539935	0915539935	0916539935	0917539935	0918539935	
0912540045	0913540045	0914540045	0915540045	0916540045	0917540045	0918540045	
0912542245	0913542245	0914542245	0915542245	0916542245	0917542245	0918542245	
0912543345	0913543345	0914543345	0915543345	0916543345	0917543345	0918543345	
0912544445	0913544445	0914544445	0915544445	0916544445	0917544445	0918544445	
0912545545	0913545545	0914545545	0915545545	0916545545	0917545545	0918545545	
0912547745	0913547745	0914547745	0915547745	0916547745	0917547745	0918547745	
0912548845	0913548845	0914548845	0915548845	0916548845	0917548845	0918548845	
0912549945	0913549945	0914549945	0915549945	0916549945	0917549945	0918549945	
0912551155	0913551155	0914551155	0915551155	0916551155	0917551155	0918551155	
0912552255	0913552255	0914552255	0915552255	0916552255	0917552255	0918552255	
0912553355	0913553355	0914553355	0915553355	0916553355	0917553355	0918553355	
0912554455	0913554455	0914554455	0915554455	0916554455	0917554455	0918554455	
0912556655	0913556655	0914556655	0915556655	0916556655	0917556655	0918556655	
0912557755	0913557755	0914557755	0915557755	0916557755	0917557755	0918557755	
0912558855	0913558855	0914558855	0915558855	0916558855	0917558855	0918558855	
0912559955	0913559955	0914559955	0915559955	0916559955	0917559955	0918559955	
0912560065	0913560065	0914560065	0915560065	0916560065	0917560065	0918560065	
0912561165	0913561165	0914561165	0915561165	0916561165	0917561165	0918561165	
0912562265	0913562265	0914562265	0915562265	0916562265	0917562265	0918562265	
0912563365	0913563365	0914563365	0915563365	0916563365	0917563365	0918563365	
0912565565	0913565565	0914565565	0915565565	0916565565	0917565565	0918565565	
0912566665	0913566665	0914566665	0915566665	0916566665	0917566665	0918566665	
0912567765	0913567765	0914567765	0915567765	0916567765	0917567765	0918567765	
0912568865	0913568865	0914568865	0915568865	0916568865	0917568865	0918568865	
0912570075	0913570075	0914570075	0915570075	0916570075	0917570075	0918570075	
0912571175	0913571175	0914571175	0915571175	0916571175	0917571175	0918571175	
0912572275	0913572275	0914572275	0915572275	0916572275	0917572275	0918572275	
0912574475	0913574475	0914574475	0915574475	0916574475	0917574475	0918574475	
0912575575	0913575575	0914575575	0915575575	0916575575	0917575575	0918575575	
0912576675	0913576675	0914576675	0915576675	0916576675	0917576675	0918576675	
0912577775	0913577775	0914577775	0915577775	0916577775	0917577775	0918577775	
0912579975	0913579975	0914579975	0915579975	0916579975	0917579975	0918579975	
0912580085	0913580085	0914580085	0915580085	0916580085	0917580085	0918580085	
0912581185	0913581185	0914581185	0915581185	0916581185	0917581185	0918581185	
0912583385	0913583385	0914583385	0915583385	0916583385	0917583385	0918583385	
0912584485	0913584485	0914584485	0915584485	0916584485	0917584485	0918584485	
0912585585	0913585585	0914585585	0915585585	0916585585	0917585585	0918585585	
0912586685	0913586685	0914586685	0915586685	0916586685	0917586685	0918586685	
0912588885	0913588885	0914588885	0915588885	0916588885	0917588885	0918588885	
0912589985	0913589985	0914589985	0915589985	0916589985	0917589985	0918589985	
0912590095	0913590095	0914590095	0915590095	0916590095	0917590095	0918590095	
0912592295	0913592295	0914592295	0915592295	0916592295	0917592295	0918592295	
0912593395	0913593395	0914593395	0915593395	0916593395	0917593395	0918593395	
0912594495	0913594495	0914594495	0915594495	0916594495	0917594495	0918594495	
0912595595	0913595595	0914595595	0915595595	0916595595	0917595595	0918595595	
0912597795	0913597795	0914597795	0915597795	0916597795	0917597795	0918597795	
0912598895	0913598895	0914598895	0915598895	0916598895	0917598895	0918598895	
0912599995	0913599995	0914599995	0915599995	0916599995	0917599995	0918599995	
0912600006	0913600006	0914600006	0915600006	0916600006	0917600006	0918600006	
0912601106	0913601106	0914601106	0915601106	0916601106	0917601106	0918601106	
0912602206	0913602206	0914602206	0915602206	0916602206	0917602206	0918602206	
0912603306	0913603306	0914603306	0915603306	0916603306	0917603306	0918603306	
0912605506	0913605506	0914605506	0915605506	0916605506	0917605506	0918605506	
0912606606	0913606606	0914606606	0915606606	0916606606	0917606606	0918606606	
0912607706	0913607706	0914607706	0915607706	0916607706	0917607706	0918607706	
0912608806	0913608806	0914608806	0915608806	0916608806	0917608806	0918608806	
0912610016	0913610016	0914610016	0915610016	0916610016	0917610016	0918610016	
0912611116	0913611116	0914611116	0915611116	0916611116	0917611116	0918611116	
0912612216	0913612216	0914612216	0915612216	0916612216	0917612216	0918612216	
0912614416	0913614416	0914614416	0915614416	0916614416	0917614416	0918614416	
0912615516	0913615516	0914615516	0915615516	0916615516	0917615516	0918615516	
0912616616	0913616616	0914616616	0915616616	0916616616	0917616616	0918616616	
0912617716	0913617716	0914617716	0915617716	0916617716	0917617716	0918617716	
0912619916	0913619916	0914619916	0915619916	0916619916	0917619916	0918619916	
0912620026	0913620026	0914620026	0915620026	0916620026	0917620026	0918620026	
0912621126	0913621126	0914621126	0915621126	0916621126	0917621126	0918621126	
0912623326	0913623326	0914623326	0915623326	0916623326	0917623326	0918623326	
0912624426	0913624426	0914624426	0915624426	0916624426	0917624426	0918624426	
0912625526	0913625526	0914625526	0915625526	0916625526	0917625526	0918625526	
0912626626	0913626626	0914626626	0915626626	0916626626	0917626626	0918626626	
0912628826	0913628826	0914628826	0915628826	0916628826	0917628826	0918628826	
0912629926	0913629926	0914629926	0915629926	0916629926	0917629926	0918629926	
0912630036	0913630036	0914630036	0915630036	0916630036	0917630036	0918630036	
0912632236	0913632236	0914632236	0915632236	0916632236	0917632236	0918632236	
0912633336	0913633336	0914633336	0915633336	0916633336	0917633336	0918633336	
0912634436	0913634436	0914634436	0915634436	0916634436	0917634436	0918634436	
0912635536	0913635536	0914635536	0915635536	0916635536	0917635536	0918635536	
0912637736	0913637736	0914637736	0915637736	0916637736	0917637736	0918637736	
0912638836	0913638836	0914638836	0915638836	0916638836	0917638836	0918638836	
0912639936	0913639936	0914639936	0915639936	0916639936	0917639936	0918639936	
0912641146	0913641146	0914641146	0915641146	0916641146	0917641146	0918641146	
0912642246	0913642246	0914642246	0915642246	0916642246	0917642246	0918642246	
0912643346	0913643346	0914643346	0915643346	0916643346	0917643346	0918643346	
0912644446	0913644446	0914644446	0915644446	0916644446	0917644446	0918644446	
0912646646	0913646646	0914646646	0915646646	0916646646	0917646646	0918646646	
0912647746	0913647746	0914647746	0915647746	0916647746	0917647746	0918647746	
0912648846	0913648846	0914648846	0915648846	0916648846	0917648846	0918648846	
0912649946	0913649946	0914649946	0915649946	0916649946	0917649946	0918649946	
0912650056	0913650056	0914650056	0915650056	0916650056	0917650056	0918650056	
0912651156	0913651156	0914651156	0915651156	0916651156	0917651156	0918651156	
0912652256	0913652256	0914652256	0915652256	0916652256	0917652256	0918652256	
0912653356	0913653356	0914653356	0915653356	0916653356	0917653356	0918653356	
0912655556	0913655556	0914655556	0915655556	0916655556	0917655556	0918655556	
0912656656	0913656656	0914656656	0915656656	0916656656	0917656656	0918656656	
0912657756	0913657756	0914657756	0915657756	0916657756	0917657756	0918657756	
0912658856	0913658856	0914658856	0915658856	0916658856	0917658856	0918658856	
0912660066	0913660066	0914660066	0915660066	0916660066	0917660066	0918660066	
0912661166	0913661166	0914661166	0915661166	0916661166	0917661166	0918661166	
0912662266	0913662266	0914662266	0915662266	0916662266	0917662266	0918662266	
0912664466	0913664466	0914664466	0915664466	0916664466	0917664466	0918664466	
0912665566	0913665566	0914665566	0915665566	0916665566	0917665566	0918665566	
0912666666	0913666666	0914666666	0915666666	0916666666	0917666666	0918666666	
0912667766	0913667766	0914667766	0915667766	0916667766	0917667766	0918667766	
0912669966	0913669966	0914669966	0915669966	0916669966	0917669966	0918669966	
0912670076	0913670076	0914670076	0915670076	0916670076	0917670076	0918670076	
0912671176	0913671176	0914671176	0915671176	0916671176	0917671176	0918671176	
0912673376	0913673376	0914673376	0915673376	0916673376	0917673376	0918673376	
0912674476	0913674476	0914674476	0915674476	0916674476	0917674476	0918674476	
0912675576	0913675576	0914675576	0915675576	0916675576	0917675576	0918675576	
0912676676	0913676676	0914676676	0915676676	0916676676	0917676676	0918676676	
0912678876	0913678876	0914678876	0915678876	0916678876	0917678876	0918678876	
0912679976	0913679976	0914679976	0915679976	0916679976	0917679976	0918679976	
0912680086	0913680086	0914680086	0915680086	0916680086	0917680086	0918680086	
0912682286	0913682286	0914682286	0915682286	0916682286	0917682286	0918682286	
0912683386	0913683386	0914683386	0915683386	0916683386	0917683386	0918683386	
0912684486	0913684486	0914684486	0915684486	0916684486	0917684486	0918684486	
0912685586	0913685586	0914685586	0915685586	0916685586	0917685586	0918685586	
0912687786	0913687786	0914687786	0915687786	0916687786	0917687786	0918687786	
0912688886	0913688886	0914688886	0915688886	0916688886	0917688886	0918688886	
0912689986	0913689986	0914689986	0915689986	0916689986	0917689986	0918689986	
0912691196	0913691196	0914691196	0915691196	0916691196	0917691196	0918691196	
0912692296	0913692296	0914692296	0915692296	0916692296	0917692296	0918692296	
0912693396	0913693396	0914693396	0915693396	0916693396	0917693396	0918693396	
0912694496	0913694496	0914694496	0915694496	0916694496	0917694496	0918694496	
0912696696	0913696696	0914696696	0915696696	0916696696	0917696696	0918696696	
0912697796	0913697796	0914697796	0915697796	0916697796	0917697796	0918697796	
0912698896	0913698896	0914698896	0915698896	0916698896	0917698896	0918698896	
0912699996	0913699996	0914699996	0915699996	0916699996	0917699996	0918699996	
0912700007	0913700007	0914700007	0915700007	0916700007	0917700007	0918700007	
0912701107	0913701107	0914701107	0915701107	0916701107	0917701107	0918701107	
0912702207	0913702207	0914702207	0915702207	0916702207	0917702207	0918702207	
0912704407	0913704407	0914704407	0915704407	0916704407	0917704407	0918704407	
0912705507	0913705507	0914705507	0915705507	0916705507	0917705507	0918705507	
0912706607	0913706607	0914706607	0915706607	0916706607	0917706607	0918706607	
0912707707	0913707707	0914707707	0915707707	0916707707	0917707707	0918707707	
0912709907	0913709907	0914709907	0915709907	0916709907	0917709907	0918709907	
0912710017	0913710017	0914710017	0915710017	0916710017	0917710017	0918710017	
0912711117	0913711117	0914711117	0915711117	0916711117	0917711117	0918711117	
0912713317	0913713317	0914713317	0915713317	0916713317	0917713317	0918713317	
0912714417	0913714417	0914714417	0915714417	0916714417	0917714417	0918714417	
0912715517	0913715517	0914715517	0915715517	0916715517	0917715517	0918715517	
0912716617	0913716617	0914716617	0915716617	0916716617	0917716617	0918716617	
0912718817	0913718817	0914718817	0915718817	0916718817	0917718817	0918718817	
0912719917	0913719917	0914719917	0915719917	0916719917	0917719917	0918719917	
0912720027	0913720027	0914720027	0915720027	0916720027	0917720027	0918720027	
0912722227	0913722227	0914722227	0915722227	0916722227	0917722227	0918722227	
0912723327	0913723327	0914723327	0915723327	0916723327	0917723327	0918723327	
0912724427	0913724427	0914724427	0915724427	0916724427	0917724427	0918724427	
0912725527	0913725527	0914725527	0915725527	0916725527	0917725527	0918725527	
0912727727	0913727727	0914727727	0915727727	0916727727	0917727727	0918727727	
0912728827	0913728827	0914728827	0915728827	0916728827	0917728827	0918728827	
0912729927	0913729927	0914729927	0915729927	0916729927	0917729927	0918729927	
0912731137	0913731137	0914731137	0915731137	0916731137	0917731137	0918731137	
0912732237	0913732237	0914732237	0915732237	0916732237	0917732237	0918732237	
0912733337	0913733337	0914733337	0915733337	0916733337	0917733337	0918733337	
0912734437	0913734437	0914734437	0915734437	0916734437	0917734437	0918734437	
0912736637	0913736637	0914736637	0915736637	0916736637	0917736637	0918736637	
0912737737	0913737737	0914737737	0915737737	0916737737	0917737737	0918737737	
0912738837	0913738837	0914738837	0915738837	0916738837	0917738837	0918738837	
0912739937	0913739937	0914739937	0915739937	0916739937	0917739937	0918739937	
0912740047	0913740047	0914740047	0915740047	0916740047	0917740047	0918740047	
0912741147	0913741147	0914741147	0915741147	0916741147	0917741147	0918741147	
0912742247	0913742247	0914742247	0915742247	0916742247	0917742247	0918742247	
0912743347	0913743347	0914743347	0915743347	0916743347	0917743347	0918743347	
0912745547	0913745547	0914745547	0915745547	0916745547	0917745547	0918745547	
0912746647	0913746647	0914746647	0915746647	0916746647	0917746647	0918746647	
0912747747	0913747747	0914747747	0915747747	0916747747	0917747747	0918747747	
0912748847	0913748847	0914748847	0915748847	0916748847	0917748847	0918748847	
0912750057	0913750057	0914750057	0915750057	0916750057	0917750057	0918750057	
0912751157	0913751157	0914751157	0915751157	0916751157	0917751157	0918751157	
0912752257	0913752257	0914752257	0915752257	0916752257	0917752257	0918752257	
0912754457	0913754457	0914754457	0915754457	0916754457	0917754457	0918754457	
0912755557	0913755557	0914755557	0915755557	0916755557	0917755557	0918755557	
0912756657	0913756657	0914756657	0915756657	0916756657	0917756657	0918756657	
0912757757	0913757757	0914757757	0915757757	0916757757	0917757757	0918757757	
0912759957	0913759957	0914759957	0915759957	0916759957	0917759957	0918759957	
0912760067	0913760067	0914760067	0915760067	0916760067	0917760067	0918760067	
0912761167	0913761167	0914761167	0915761167	0916761167	0917761167	0918761167	
0912763367	0913763367	0914763367	0915763367	0916763367	0917763367	0918763367	
0912764467	0913764467	0914764467	0915764467	0916764467	0917764467	0918764467	
0912765567	0913765567	0914765567	0915765567	0916765567	0917765567	0918765567	
0912766667	0913766667	0914766667	0915766667	0916766667	0917766667	0918766667	
0912768867	0913768867	0914768867	0915768867	0916768867	0917768867	0918768867	
0912769967	0913769967	0914769967	0915769967	0916769967	0917769967	0918769967	
0912770077	0913770077	0914770077	0915770077	0916770077	0917770077	0918770077	
0912772277	0913772277	0914772277	0915772277	0916772277	0917772277	0918772277	
0912773377	0913773377	0914773377	0915773377	0916773377	0917773377	0918773377	
0912774477	0913774477	0914774477	0915774477	0916774477	0917774477	0918774477	
0912775577	0913775577	0914775577	0915775577	0916775577	0917775577	0918775577	
0912777777	0913777777	0914777777	0915777777	0916777777	0917777777	0918777777	
0912778877	0913778877	0914778877	0915778877	0916778877	0917778877	0918778877	
0912779977	0913779977	0914779977	0915779977	0916779977	0917779977	0918779977	
0912781187	0913781187	0914781187	0915781187	0916781187	0917781187	0918781187	
0912782287	0913782287	0914782287	0915782287	0916782287	0917782287	0918782287	
0912783387	0913783387	0914783387	0915783387	0916783387	0917783387	0918783387	
0912784487	0913784487	0914784487	0915784487	0916784487	0917784487	0918784487	
0912786687	0913786687	0914786687	0915786687	0916786687	0917786687	0918786687	
0912787787	0913787787	0914787787	0915787787	0916787787	0917787787	0918787787	
0912788887	0913788887	0914788887	0915788887	0916788887	0917788887	0918788887	
0912789987	0913789987	0914789987	0915789987	0916789987	0917789987	0918789987	
0912790097	0913790097	0914790097	0915790097	0916790097	0917790097	0918790097	
0912791197	0913791197	0914791197	0915791197	0916791197	0917791197	0918791197	
0912792297	0913792297	0914792297	0915792297	0916792297	0917792297	0918792297	
0912793397	0913793397	0914793397	0915793397	0916793397	0917793397	0918793397	
0912795597	0913795597	0914795597	0915795597	0916795597	0917795597	0918795597	
0912796697	0913796697	0914796697	0915796697	0916796697	0917796697	0918796697	
0912797797	0913797797	0914797797	0915797797	0916797797	0917797797	0918797797	
0912798897	0913798897	0914798897	0915798897	0916798897	0917798897	0918798897	
0912800008	0913800008	0914800008	0915800008	0916800008	0917800008	0918800008	
0912801108	0913801108	0914801108	0915801108	0916801108	0917801108	0918801108	
0912803308	0913803308	0914803308	0915803308	0916803308	0917803308	0918803308	
0912804408	0913804408	0914804408	0915804408	0916804408	0917804408	0918804408	
0912805508	0913805508	0914805508	0915805508	0916805508	0917805508	0918805508	
0912806608	0913806608	0914806608	0915806608	0916806608	0917806608	0918806608	
0912808808	0913808808	0914808808	0915808808	0916808808	0917808808	0918808808	
0912809908	0913809908	0914809908	0915809908	0916809908	0917809908	0918809908	
0912810018	0913810018	0914810018	0915810018	0916810018	0917810018	0918810018	
0912812218	0913812218	0914812218	0915812218	0916812218	0917812218	0918812218	
0912813318	0913813318	0914813318	0915813318	0916813318	0917813318	0918813318	
0912814418	0913814418	0914814418	0915814418	0916814418	0917814418	0918814418	
0912815518	0913815518	0914815518	0915815518	0916815518	0917815518	0918815518	
0912817718	0913817718	0914817718	0915817718	0916817718	0917817718	0918817718	
0912818818	0913818818	0914818818	0915818818	0916818818	0917818818	0918818818	
0912819918	0913819918	0914819918	0915819918	0916819918	0917819918	0918819918	
0912821128	0913821128	0914821128	0915821128	0916821128	0917821128	0918821128	
0912822228	0913822228	0914822228	0915822228	0916822228	0917822228	0918822228	
0912823328	0913823328	0914823328	0915823328	0916823328	0917823328	0918823328	
0912824428	0913824428	0914824428	0915824428	0916824428	0917824428	0918824428	
0912826628	0913826628	0914826628	0915826628	0916826628	0917826628	0918826628	
0912827728	0913827728	0914827728	0915827728	0916827728	0917827728	0918827728	
0912828828	0913828828	0914828828	0915828828	0916828828	0917828828	0918828828	
0912829928	0913829928	0914829928	0915829928	0916829928	0917829928	0918829928	
0912830038	0913830038	0914830038	0915830038	0916830038	0917830038	0918830038	
0912831138	0913831138	0914831138	0915831138	0916831138	0917831138	0918831138	
0912832238	0913832238	0914832238	0915832238	0916832238	0917832238	0918832238	
0912833338	0913833338	0914833338	0915833338	0916833338	0917833338	0918833338	
0912835538	0913835538	0914835538	0915835538	0916835538	0917835538	0918835538	
0912836638	0913836638	0914836638	0915836638	0916836638	0917836638	0918836638	
0912837738	0913837738	0914837738	0915837738	0916837738	0917837738	0918837738	
0912838838	0913838838	0914838838	0915838838	0916838838	0917838838	0918838838	
0912840048	0913840048	0914840048	0915840048	0916840048	0917840048	0918840048	
0912841148	0913841148	0914841148	0915841148	0916841148	0917841148	0918841148	
0912842248	0913842248	0914842248	0915842248	0916842248	0917842248	0918842248	
0912844448	0913844448	0914844448	0915844448	0916844448	0917844448	0918844448	
0912845548	0913845548	0914845548	0915845548	0916845548	0917845548	0918845548	
0912846648	0913846648	0914846648	0915846648	0916846648	0917846648	0918846648	
0912847748	0913847748	0914847748	0915847748	0916847748	0917847748	0918847748	
0912849948	0913849948	0914849948	0915849948	0916849948	0917849948	0918849948	
0912850058	0913850058	0914850058	0915850058	0916850058	0917850058	0918850058	
0912851158	0913851158	0914851158	0915851158	0916851158	0917851158	0918851158	
0912853358	0913853358	0914853358	0915853358	0916853358	0917853358	0918853358	
0912854458	0913854458	0914854458	0915854458	0916854458	0917854458	0918854458	
0912855558	0913855558	0914855558	0915855558	0916855558	0917855558	0918855558	
0912856658	0913856658	0914856658	0915856658	0916856658	0917856658	0918856658	
0912858858	0913858858	0914858858	0915858858	0916858858	0917858858	0918858858	
0912859958	0913859958	0914859958	0915859958	0916859958	0917859958	0918859958	
0912860068	0913860068	0914860068	0915860068	0916860068	0917860068	0918860068	
0912862268	0913862268	0914862268	0915862268	0916862268	0917862268	0918862268	
0912863368	0913863368	0914863368	0915863368	0916863368	0917863368	0918863368	
0912864468	0913864468	0914864468	0915864468	0916864468	0917864468	0918864468	
0912865568	0913865568	0914865568	0915865568	0916865568	0917865568	0918865568	
0912867768	0913867768	0914867768	0915867768	0916867768	0917867768	0918867768	
0912868868	0913868868	0914868868	0915868868	0916868868	0917868868	0918868868	
0912869968	0913869968	0914869968	0915869968	0916869968	0917869968	0918869968	
0912871178	0913871178	0914871178	0915871178	0916871178	0917871178	0918871178	
0912872278	0913872278	0914872278	0915872278	0916872278	0917872278	0918872278	
0912873378	0913873378	0914873378	0915873378	0916873378	0917873378	0918873378	
0912874478	0913874478	0914874478	0915874478	0916874478	0917874478	0918874478	
0912876678	0913876678	0914876678	0915876678	0916876678	0917876678	0918876678	
0912877778	0913877778	0914877778	0915877778	0916877778	0917877778	0918877778	
0912878878	0913878878	0914878878	0915878878	0916878878	0917878878	0918878878	
0912879978	0913879978	0914879978	0915879978	0916879978	0917879978	0918879978	
0912880088	0913880088	0914880088	0915880088	0916880088	0917880088	0918880088	
0912881188	0913881188	0914881188	0915881188	0916881188	0917881188	0918881188	
0912882288	0913882288	0914882288	0915882288	0916882288	0917882288	0918882288	
0912883388	0913883388	0914883388	0915883388	0916883388	0917883388	0918883388	
0912885588	0913885588	0914885588	0915885588	0916885588	0917885588	0918885588	
0912886688	0913886688	0914886688	0915886688	0916886688	0917886688	0918886688	
0912887788	0913887788	0914887788	0915887788	0916887788	0917887788	0918887788	
0912888888	0913888888	0914888888	0915888888	0916888888	0917888888	0918888888	
0912890098	0913890098	0914890098	0915890098	0916890098	0917890098	0918890098	
0912891198	0913891198	0914891198	0915891198	0916891198	0917891198	0918891198	
0912892298	0913892298	0914892298	0915892298	0916892298	0917892298	0918892298	
0912894498	0913894498	0914894498	0915894498	0916894498	0917894498	0918894498	
0912895598	0913895598	0914895598	0915895598	0916895598	0917895598	0918895598	
0912896698	0913896698	0914896698	0915896698	0916896698	0917896698	0918896698	
0912897798	0913897798	0914897798	0915897798	0916897798	0917897798	0918897798	
0912899998	0913899998	0914899998	0915899998	0916899998	0917899998	0918899998	
0912900009	0913900009	0914900009	0915900009	0916900009	0917900009	0918900009	
0912902209	0913902209	0914902209	0915902209	0916902209	0917902209	0918902209	
0912903309	0913903309	0914903309	0915903309	0916903309	0917903309	0918903309	
0912904409	0913904409	0914904409	0915904409	0916904409	0917904409	0918904409	
0912905509	0913905509	0914905509	0915905509	0916905509	0917905509	0918905509	
0912907709	0913907709	0914907709	0915907709	0916907709	0917907709	0918907709	
0912908809	0913908809	0914908809	0915908809	0916908809	0917908809	0918908809	
0912909909	0913909909	0914909909	0915909909	0916909909	0917909909	0918909909	
0912911119	0913911119	0914911119	0915911119	0916911119	0917911119	0918911119	
0912912219	0913912219	0914912219	0915912219	0916912219	0917912219	0918912219	
0912913319	0913913319	0914913319	0915913319	0916913319	0917913319	0918913319	
0912914419	0913914419	0914914419	0915914419	0916914419	0917914419	0918914419	
0912916619	0913916619	0914916619	0915916619	0916916619	0917916619	0918916619	
0912917719	0913917719	0914917719	0915917719	0916917719	0917917719	0918917719	
0912918819	0913918819	0914918819	0915918819	0916918819	0917918819	0918918819	
0912919919	0913919919	0914919919	0915919919	0916919919	0917919919	0918919919	
0912920029	0913920029	0914920029	0915920029	0916920029	0917920029	0918920029	
0912921129	0913921129	0914921129	0915921129	0916921129	0917921129	0918921129	
0912922229	0913922229	0914922229	0915922229	0916922229	0917922229	0918922229	
0912923329	0913923329	0914923329	0915923329	0916923329	0917923329	0918923329	
0912925529	0913925529	0914925529	0915925529	0916925529	0917925529	0918925529	
0912926629	0913926629	0914926629	0915926629	0916926629	0917926629	0918926629	
0912927729	0913927729	0914927729	0915927729	0916927729	0917927729	0918927729	
0912928829	0913928829	0914928829	0915928829	0916928829	0917928829	0918928829	
0912930039	0913930039	0914930039	0915930039	0916930039	0917930039	0918930039	
0912931139	0913931139	0914931139	0915931139	0916931139	0917931139	0918931139	
0912932239	0913932239	0914932239	0915932239	0916932239	0917932239	0918932239	
0912934439	0913934439	0914934439	0915934439	0916934439	0917934439	0918934439	
0912935539	0913935539	0914935539	0915935539	0916935539	0917935539	0918935539	
0912936639	0913936639	0914936639	0915936639	0916936639	0917936639	0918936639	
0912937739	0913937739	0914937739	0915937739	0916937739	0917937739	0918937739	
0912939939	0913939939	0914939939	0915939939	0916939939	0917939939	0918939939	
0912940049	0913940049	0914940049	0915940049	0916940049	0917940049	0918940049	
0912941149	0913941149	0914941149	0915941149	0916941149	0917941149	0918941149	
0912943349	0913943349	0914943349	0915943349	0916943349	0917943349	0918943349	
0912944449	0913944449	0914944449	0915944449	0916944449	0917944449	0918944449	
0912945549	0913945549	0914945549	0915945549	0916945549	0917945549	0918945549	
0912946649	0913946649	0914946649	0915946649	0916946649	0917946649	0918946649	
0912948849	0913948849	0914948849	0915948849	0916948849	0917948849	0918948849	
0912949949	0913949949	0914949949	0915949949	0916949949	0917949949	0918949949	
0912950059	0913950059	0914950059	0915950059	0916950059	0917950059	0918950059	
0912952259	0913952259	0914952259	0915952259	0916952259	0917952259	0918952259	
0912953359	0913953359	0914953359	0915953359	0916953359	0917953359	0918953359	
0912954459	0913954459	0914954459	0915954459	0916954459	0917954459	0918954459	
0912955559	0913955559	0914955559	0915955559	0916955559	0917955559	0918955559	
0912957759	0913957759	0914957759	0915957759	0916957759	0917957759	0918957759	
0912958859	0913958859	0914958859	0915958859	0916958859	0917958859	0918958859	
0912959959	0913959959	0914959959	0915959959	0916959959	0917959959	0918959959	
0912961169	0913961169	0914961169	0915961169	0916961169	0917961169	0918961169	
0912962269	0913962269	0914962269	0915962269	0916962269	0917962269	0918962269	
0912963369	0913963369	0914963369	0915963369	0916963369	0917963369	0918963369	
0912964469	0913964469	0914964469	0915964469	0916964469	0917964469	0918964469	
0912966669	0913966669	0914966669	0915966669	0916966669	0917966669	0918966669	
0912967769	0913967769	0914967769	0915967769	0916967769	0917967769	0918967769	
0912968869	0913968869	0914968869	0915968869	0916968869	0917968869	0918968869	
0912969969	0913969969	0914969969	0915969969	0916969969	0917969969	0918969969	
0912970079	0913970079	0914970079	0915970079	0916970079	0917970079	0918970079	
0912971179	0913971179	0914971179	0915971179	0916971179	0917971179	0918971179	
0912972279	0913972279	0914972279	0915972279	0916972279	0917972279	0918972279	
0912973379	0913973379	0914973379	0915973379	0916973379	0917973379	0918973379	
0912975579	0913975579	0914975579	0915975579	0916975579	0917975579	0918975579	
0912976679	0913976679	0914976679	0915976679	0916976679	0917976679	0918976679	
0912977779	0913977779	0914977779	0915977779	0916977779	0917977779	0918977779	
0912978879	0913978879	0914978879	0915978879	0916978879	0917978879	0918978879	
0912980089	0913980089	0914980089	0915980089	0916980089	0917980089	0918980089	
0912981189	0913981189	0914981189	0915981189	0916981189	0917981189	0918981189	
0912982289	0913982289	0914982289	0915982289	0916982289	0917982289	0918982289	
0912984489	0913984489	0914984489	0915984489	0916984489	0917984489	0918984489	
0912985589	0913985589	0914985589	0915985589	0916985589	0917985589	0918985589	
0912986689	0913986689	0914986689	0915986689	0916986689	0917986689	0918986689	
0912987789	0913987789	0914987789	0915987789	0916987789	0917987789	0918987789	
0912989989	0913989989	0914989989	0915989989	0916989989	0917989989	0918989989	
0912990099	0913990099	0914990099	0915990099	0916990099	0917990099	0918990099	
0912991199	0913991199	0914991199	0915991199	0916991199	0917991199	0918991199	
0912993399	0913993399	0914993399	0915993399	0916993399	0917993399	0918993399	
0912994499	0913994499	0914994499	0915994499	0916994499	0917994499	0918994499	
0912995599	0913995599	0914995599	0915995599	0916995599	0917995599	0918995599	
0912996699	0913996699	0914996699	0915996699	0916996699	0917996699	0918996699	
0912998899	0913998899	0914998899	0915998899	0916998899	0917998899	0918998899	
0912999999	0913999999	0914999999	0915999999	0916999999	0917999999	0918999999	
