0912113311	0913113311	0914113311	0915113311	0916113311	0917113311	0918113311	
0912118811	0913118811	0914118811	0915118811	0916118811	0917118811	0918118811	
0912122221	0913122221	0914122221	0915122221	0916122221	0917122221	0918122221	
0912127721	0913127721	0914127721	0915127721	0916127721	0917127721	0918127721	
0912131131	0913131131	0914131131	0915131131	0916131131	0917131131	0918131131	
0912136631	0913136631	0914136631	0915136631	0916136631	0917136631	0918136631	
0912145541	0913145541	0914145541	0915145541	0916145541	0917145541	0918145541	
0912154451	0913154451	0914154451	0915154451	0916154451	0917154451	0918154451	
0912159951	0913159951	0914159951	0915159951	0916159951	0917159951	0918159951	
0912163361	0913163361	0914163361	0915163361	0916163361	0917163361	0918163361	
0912168861	0913168861	0914168861	0915168861	0916168861	0917168861	0918168861	
0912172271	0913172271	0914172271	0915172271	0916172271	0917172271	0918172271	
0912177771	0913177771	0914177771	0915177771	0916177771	0917177771	0918177771	
0912181181	0913181181	0914181181	0915181181	0916181181	0917181181	0918181181	
0912186681	0913186681	0914186681	0915186681	0916186681	0917186681	0918186681	
0912195591	0913195591	0914195591	0915195591	0916195591	0917195591	0918195591	
0912212212	0913212212	0914212212	0915212212	0916212212	0917212212	0918212212	
0912217712	0913217712	0914217712	0915217712	0916217712	0917217712	0918217712	
0912221122	0913221122	0914221122	0915221122	0916221122	0917221122	0918221122	
0912226622	0913226622	0914226622	0915226622	0916226622	0917226622	0918226622	
0912235532	0913235532	0914235532	0915235532	0916235532	0917235532	0918235532	
0912244442	0913244442	0914244442	0915244442	0916244442	0917244442	0918244442	
0912249942	0913249942	0914249942	0915249942	0916249942	0917249942	0918249942	
0912253352	0913253352	0914253352	0915253352	0916253352	0917253352	0918253352	
0912258852	0913258852	0914258852	0915258852	0916258852	0917258852	0918258852	
0912262262	0913262262	0914262262	0915262262	0916262262	0917262262	0918262262	
0912267762	0913267762	0914267762	0915267762	0916267762	0917267762	0918267762	
0912271172	0913271172	0914271172	0915271172	0916271172	0917271172	0918271172	
0912276672	0913276672	0914276672	0915276672	0916276672	0917276672	0918276672	
0912285582	0913285582	0914285582	0915285582	0916285582	0917285582	0918285582	
0912294492	0913294492	0914294492	0915294492	0916294492	0917294492	0918294492	
0912299992	0913299992	0914299992	0915299992	0916299992	0917299992	0918299992	
0912311113	0913311113	0914311113	0915311113	0916311113	0917311113	0918311113	
0912316613	0913316613	0914316613	0915316613	0916316613	0917316613	0918316613	
0912325523	0913325523	0914325523	0915325523	0916325523	0917325523	0918325523	
0912334433	0913334433	0914334433	0915334433	0916334433	0917334433	0918334433	
0912339933	0913339933	0914339933	0915339933	0916339933	0917339933	0918339933	
0912343343	0913343343	0914343343	0915343343	0916343343	0917343343	0918343343	
0912348843	0913348843	0914348843	0915348843	0916348843	0917348843	0918348843	
0912352253	0913352253	0914352253	0915352253	0916352253	0917352253	0918352253	
0912357753	0913357753	0914357753	0915357753	0916357753	0917357753	0918357753	
0912361163	0913361163	0914361163	0915361163	0916361163	0917361163	0918361163	
0912366663	0913366663	0914366663	0915366663	0916366663	0917366663	0918366663	
0912375573	0913375573	0914375573	0915375573	0916375573	0917375573	0918375573	
0912384483	0913384483	0914384483	0915384483	0916384483	0917384483	0918384483	
0912389983	0913389983	0914389983	0915389983	0916389983	0917389983	0918389983	
0912393393	0913393393	0914393393	0915393393	0916393393	0917393393	0918393393	
0912398893	0913398893	0914398893	0915398893	0916398893	0917398893	0918398893	
0912415514	0913415514	0914415514	0915415514	0916415514	0917415514	0918415514	
0912424424	0913424424	0914424424	0915424424	0916424424	0917424424	0918424424	
0912429924	0913429924	0914429924	0915429924	0916429924	0917429924	0918429924	
0912433334	0913433334	0914433334	0915433334	0916433334	0917433334	0918433334	
0912438834	0913438834	0914438834	0915438834	0916438834	0917438834	0918438834	
0912442244	0913442244	0914442244	0915442244	0916442244	0917442244	0918442244	
0912447744	0913447744	0914447744	0915447744	0916447744	0917447744	0918447744	
0912451154	0913451154	0914451154	0915451154	0916451154	0917451154	0918451154	
0912456654	0913456654	0914456654	0915456654	0916456654	0917456654	0918456654	
0912465564	0913465564	0914465564	0915465564	0916465564	0917465564	0918465564	
0912474474	0913474474	0914474474	0915474474	0916474474	0917474474	0918474474	
0912479974	0913479974	0914479974	0915479974	0916479974	0917479974	0918479974	
0912483384	0913483384	0914483384	0915483384	0916483384	0917483384	0918483384	
0912488884	0913488884	0914488884	0915488884	0916488884	0917488884	0918488884	
0912492294	0913492294	0914492294	0915492294	0916492294	0917492294	0918492294	
0912497794	0913497794	0914497794	0915497794	0916497794	0917497794	0918497794	
0912514415	0913514415	0914514415	0915514415	0916514415	0917514415	0918514415	
0912519915	0913519915	0914519915	0915519915	0916519915	0917519915	0918519915	
0912523325	0913523325	0914523325	0915523325	0916523325	0917523325	0918523325	
0912528825	0913528825	0914528825	0915528825	0916528825	0917528825	0918528825	
0912532235	0913532235	0914532235	0915532235	0916532235	0917532235	0918532235	
0912537735	0913537735	0914537735	0915537735	0916537735	0917537735	0918537735	
0912541145	0913541145	0914541145	0915541145	0916541145	0917541145	0918541145	
0912546645	0913546645	0914546645	0915546645	0916546645	0917546645	0918546645	
0912555555	0913555555	0914555555	0915555555	0916555555	0917555555	0918555555	
0912564465	0913564465	0914564465	0915564465	0916564465	0917564465	0918564465	
0912569965	0913569965	0914569965	0915569965	0916569965	0917569965	0918569965	
0912573375	0913573375	0914573375	0915573375	0916573375	0917573375	0918573375	
0912578875	0913578875	0914578875	0915578875	0916578875	0917578875	0918578875	
0912582285	0913582285	0914582285	0915582285	0916582285	0917582285	0918582285	
0912587785	0913587785	0914587785	0915587785	0916587785	0917587785	0918587785	
0912591195	0913591195	0914591195	0915591195	0916591195	0917591195	0918591195	
0912596695	0913596695	0914596695	0915596695	0916596695	0917596695	0918596695	
0912613316	0913613316	0914613316	0915613316	0916613316	0917613316	0918613316	
0912618816	0913618816	0914618816	0915618816	0916618816	0917618816	0918618816	
0912622226	0913622226	0914622226	0915622226	0916622226	0917622226	0918622226	
0912627726	0913627726	0914627726	0915627726	0916627726	0917627726	0918627726	
0912631136	0913631136	0914631136	0915631136	0916631136	0917631136	0918631136	
0912636636	0913636636	0914636636	0915636636	0916636636	0917636636	0918636636	
0912645546	0913645546	0914645546	0915645546	0916645546	0917645546	0918645546	
0912654456	0913654456	0914654456	0915654456	0916654456	0917654456	0918654456	
0912659956	0913659956	0914659956	0915659956	0916659956	0917659956	0918659956	
0912663366	0913663366	0914663366	0915663366	0916663366	0917663366	0918663366	
0912668866	0913668866	0914668866	0915668866	0916668866	0917668866	0918668866	
0912672276	0913672276	0914672276	0915672276	0916672276	0917672276	0918672276	
0912677776	0913677776	0914677776	0915677776	0916677776	0917677776	0918677776	
0912681186	0913681186	0914681186	0915681186	0916681186	0917681186	0918681186	
0912686686	0913686686	0914686686	0915686686	0916686686	0917686686	0918686686	
0912695596	0913695596	0914695596	0915695596	0916695596	0917695596	0918695596	
0912712217	0913712217	0914712217	0915712217	0916712217	0917712217	0918712217	
0912717717	0913717717	0914717717	0915717717	0916717717	0917717717	0918717717	
0912721127	0913721127	0914721127	0915721127	0916721127	0917721127	0918721127	
0912726627	0913726627	0914726627	0915726627	0916726627	0917726627	0918726627	
0912735537	0913735537	0914735537	0915735537	0916735537	0917735537	0918735537	
0912744447	0913744447	0914744447	0915744447	0916744447	0917744447	0918744447	
0912749947	0913749947	0914749947	0915749947	0916749947	0917749947	0918749947	
0912753357	0913753357	0914753357	0915753357	0916753357	0917753357	0918753357	
0912758857	0913758857	0914758857	0915758857	0916758857	0917758857	0918758857	
0912762267	0913762267	0914762267	0915762267	0916762267	0917762267	0918762267	
0912767767	0913767767	0914767767	0915767767	0916767767	0917767767	0918767767	
0912771177	0913771177	0914771177	0915771177	0916771177	0917771177	0918771177	
0912776677	0913776677	0914776677	0915776677	0916776677	0917776677	0918776677	
0912785587	0913785587	0914785587	0915785587	0916785587	0917785587	0918785587	
0912794497	0913794497	0914794497	0915794497	0916794497	0917794497	0918794497	
0912799997	0913799997	0914799997	0915799997	0916799997	0917799997	0918799997	
0912811118	0913811118	0914811118	0915811118	0916811118	0917811118	0918811118	
0912816618	0913816618	0914816618	0915816618	0916816618	0917816618	0918816618	
0912825528	0913825528	0914825528	0915825528	0916825528	0917825528	0918825528	
0912834438	0913834438	0914834438	0915834438	0916834438	0917834438	0918834438	
0912839938	0913839938	0914839938	0915839938	0916839938	0917839938	0918839938	
0912843348	0913843348	0914843348	0915843348	0916843348	0917843348	0918843348	
0912848848	0913848848	0914848848	0915848848	0916848848	0917848848	0918848848	
0912852258	0913852258	0914852258	0915852258	0916852258	0917852258	0918852258	
0912857758	0913857758	0914857758	0915857758	0916857758	0917857758	0918857758	
0912861168	0913861168	0914861168	0915861168	0916861168	0917861168	0918861168	
0912866668	0913866668	0914866668	0915866668	0916866668	0917866668	0918866668	
0912875578	0913875578	0914875578	0915875578	0916875578	0917875578	0918875578	
0912884488	0913884488	0914884488	0915884488	0916884488	0917884488	0918884488	
0912889988	0913889988	0914889988	0915889988	0916889988	0917889988	0918889988	
0912893398	0913893398	0914893398	0915893398	0916893398	0917893398	0918893398	
0912898898	0913898898	0914898898	0915898898	0916898898	0917898898	0918898898	
0912915519	0913915519	0914915519	0915915519	0916915519	0917915519	0918915519	
0912924429	0913924429	0914924429	0915924429	0916924429	0917924429	0918924429	
0912929929	0913929929	0914929929	0915929929	0916929929	0917929929	0918929929	
0912933339	0913933339	0914933339	0915933339	0916933339	0917933339	0918933339	
0912938839	0913938839	0914938839	0915938839	0916938839	0917938839	0918938839	
0912942249	0913942249	0914942249	0915942249	0916942249	0917942249	0918942249	
0912947749	0913947749	0914947749	0915947749	0916947749	0917947749	0918947749	
0912951159	0913951159	0914951159	0915951159	0916951159	0917951159	0918951159	
0912956659	0913956659	0914956659	0915956659	0916956659	0917956659	0918956659	
0912965569	0913965569	0914965569	0915965569	0916965569	0917965569	0918965569	
0912974479	0913974479	0914974479	0915974479	0916974479	0917974479	0918974479	
0912979979	0913979979	0914979979	0915979979	0916979979	0917979979	0918979979	
0912983389	0913983389	0914983389	0915983389	0916983389	0917983389	0918983389	
0912988889	0913988889	0914988889	0915988889	0916988889	0917988889	0918988889	
0912992299	0913992299	0914992299	0915992299	0916992299	0917992299	0918992299	
0912997799	0913997799	0914997799	0915997799	0916997799	0917997799	0918997799	
